Wayne庄园的电影之夜.md	3666	unfin
['Bruce', 'Jason', 'Dick', 'Tim', 'Clark', '电影', 'Hal', '之夜', '他们', '时候']
['电影', '时候', '飞机', '儿子', '喜欢', '客厅', '眼睛', '知道', '飞行', '保持']

一夜暴富之后.md	1465	unfin
['Bruce', 'Hal', '颜色', '匹配', 'Wayne', '伴侣', '蝙蝠侠', '灵魂', '世界', '某个']
['颜色', '没有', '世界', '灵魂', '觉得', '伴侣', '匹配', '公分', '看到', '色感']

与Wayne同行.md	4961	fin
['Bruce', 'Tim', 'Dick', 'Jason', 'Damian', 'Clark', 'Lex', 'Conner', '知道', '监护权']
['知道', '觉得', '不会', '超人', '秘密', '离开', '监护权', '有点', '时候', '问题']

伴郎争夺战.md	41950	fin
['Bruce', 'Dick', 'Hal', 'Clark', 'Jason', 'Tim', 'Conner', '婚礼', 'Orm', 'Arthur']
['婚礼', '没有', '时候', '觉得', '不能', '知道', '伴郎', '弟弟', '不会', '电影']

假天使和真恶魔.md	34126	fin
['Bruce', 'Dick', 'Damian', 'Hal', 'Clark', 'Jason', 'Dinah', 'Oliver', '他们', 'Tim']
['时候', '没有', '地狱', '翅膀', '魅魔', '知道', '熔岩', '元素', '恶魔', '觉得']

入戏太深.md	106	unfin
['Jason', '##', '入戏', 'Drink', 'Me', 'Summary', 'Cast', '人进', 'Tim', '这全']
['完成', '进行', '事情', '音乐剧', '社区服务', '选择', '工时', '演出', '好像']

天堂岛的留学生.md	428	unfin
['吕忒', '希波', '天堂', '半是', '迷人', '姿态', '战士', '红裙', '同人里', '踏足']
['希波', '战士', '天堂', '觉得', '在于', '融合', '中国', '大西洋', '直视', '避世']

好姐妹，坏姐妹.md	414	unfin
['Jason', 'Dick', 'Tim', 'Bruce', '灰姑娘', 'Damian', '教母', '李尔王', '怀里', '仙女']
['灰姑娘', '故事', '舞会', '姐姐', '相爱', '教母', '就算', '不能', '记得', '说话']

如何保守你的秘密.md	161	unfin
['##', '资助', 'Summary', 'Dick', '出柜', 'Jason', '人出', '人要', 'Notes', '12']
['资助', '兄弟', '决定', '视察', '秘密', '保守', '文里', '过得', '携手', '告诉']

宠物店长Sara Lance.md	59	unfin
['宠物店', 'Sara', 'Lance', 'Zari', '猫咪', '##', 'Summary', '店长', '店里', '麻烦']
['店长', '猫咪', '典型', '店里']

家庭教育问题.md	2007	fin
['Bruce', 'Dick', 'Jason', 'Tim', 'Wally', 'Barry', 'Clark', 'Damian', 'Bart', 'Conner']
['时候', '吸引', '儿子', '知道', '总会', '有点', '注意', '名字', '丧钟', '觉得']

异世界的飞行员.md	12158	fin
['Hal', 'Oliver', 'Barry', 'Clark', 'Kara', '蝙蝠侠', '宇宙', 'Lois', 'Queen', 'Sara']
['世界', '知道', '宇宙', '时候', '蝙蝠侠', '没有', '戒指', '蝙蝠', '幽灵', '感觉']

情人节不要出门约会.md	2733	unfin
['Bruce', 'Hal', '约会', 'Tim', '情人节', '------', 'Jason', 'Dick', 'Clark', '不是']
['约会', '情人节', '眼睛', '蝙蝠侠', '不会', '出门', '忧虑', '时候', '说出', '应该']

我为你发光了.md	20042	fin
['Hal', 'Bruce', 'Jason', 'Tim', 'Dick', '知道', '伴侣', 'Roy', '灵魂', '他们']
['知道', '时候', '灵魂', '没有', '开始', '伴侣', '可能', '看到', '觉得', '不能']

推箱子小游戏编程实例.md	13410	fin
['Jason', 'Tim', 'Conner', 'Dick', '箱子', '什么', '蝙蝠', '所以', '罗宾', '自己']
['没有', '知道', '箱子', '不会', '时候', '蝙蝠', '可能', '函数', '移动', '觉得']

搞到真的了.md	507	unfin
['Bruce', 'Hal', '蝙蝠侠', '右手', '味道', '墙上', '进尺', '护目镜', '拧起', '小臂']
['蝙蝠侠', '可能', '右手', '世界', '鼻子', '起来', '胸肌', '位置', '唇瓣', '味道']

没人邀请Bruce去毕业舞会.md	7295	fin
['Bruce', 'Hal', 'Oliver', 'Dinah', 'Lois', '邀请', 'Brucei', '舞会', 'Clark', 'Kiss']
['邀请', '时候', '舞会', '毕业', '社团', '所有人', '没有', '想要', '魅力', '不能']

玫瑰若不叫这个名字.md	3212	unfin
['Bruce', 'Hal', '蝙蝠', 'Zatanna', '魔法', '蝙蝠侠', '失忆', '戒指', '巫童', 'Damian']
['蝙蝠', '时候', '魔法', '没有', '发现', '男人', '可能', '生活', '需要', '提前']

瞭望塔魅影.md	777	unfin
['Bruce', 'Dinah', 'Hal', '蝙蝠侠', '魅影', 'Barry', '音乐剧', 'Oliver', '金丝雀', '绿灯']
['蝙蝠侠', '音乐剧', '导演', '魅影', '金丝雀', '正义', '起来', '电源', '像是', '超人']

砸了奥林匹斯之后.md	4757	unfin
['Hal', 'Bruce', 'Dick', 'Jason', 'Tim', 'Steph', 'Cass', 'Damian', '------', '蝙蝠侠']
['没有', '金箭', '知道', '可能', '看向', '觉得', '不能', '蝙蝠侠', '孩子', '酒精']

蝙蝠侠为什么被绑架了.md	20825	fin
['Tim', 'Jason', '蝙蝠侠', 'Bruce', 'Hal', 'Dick', 'Leonard', '绿灯', '蝙蝠', '罗宾']
['蝙蝠侠', '蝙蝠', '没有', '知道', '绿灯', '绑架', '时候', '起来', '小说', '罗宾']

蝙蝠侠同人文写作大赛.md	11087	fin
['Hal', 'Fiona', 'Bruce', 'Clark', 'Bruno', '蝙蝠侠', 'Barry', 'Jason', 'Dick', 'Oliver']
['蝙蝠侠', '没有', '时候', '知道', '人文', '故事', '评论', '开始', '手套', '大赛']

角色扮演.md	2678	unfin
['Hal', 'Jason', 'Bruce', 'Tim', 'Dick', 'Roy', 'Alfred', 'Wally', '汉姆', '先生']
['先生', '宾利', '具有', '剧情', '蝙蝠侠', '角色', '比如', '承认', '不会', '演员']

请适度迷信蝙蝠.md	51	unfin
['蝙蝠', '##', 'Summary', '强得', '神秘莫测', '观察者', '因为', '迷信', '有时候', '过分']
['看起来', '蝙蝠', '过分', '强得', '迷信']

这见了鬼的友情.md	138	unfin
['##', '不明', '这见', 'Summary', '会过', 'Chapter', 'Date', 'Tim', '过床', 'Conner']
['不明', '身体', '脑子', '朋友', '时候', '互换', '吵醒', '魔法', '宇宙', '作用']

遇到你的那一天.md	771	unfin
['Jason', '无奇', '拆装', '所以', '酒鬼', '想法', '一个', '吃食', '平平', '日子']
['酒鬼', '地方', '小孩子', '想法', '拆装', '胳膊', '黑市', '觉得', '垃圾', '为止']

霍格沃茨都教了些什么.md	2067	unfin
['Hal', 'Bruce', 'Clark', '沃茨', '霍格', '扫帚', 'Dick', '格兰芬', '头槌', '飞天']
['时候', '扫帚', '学生', '魁地', '飞天', '时代', '觉得', '绯闻', '球手', '鼻子']

博尔赫斯摘抄.Part.2.md	1155	other
['##', '死亡', '奥斯托', '博尔赫斯', '岁月', '朦胧', '抛向', '布宜诺斯艾利斯', '白白地', '消磨']
['没有', '死亡', '可能', '黑夜', '影子', '消遁', '显得', '抛向', '挽歌', '归于']

Beyond.md	5823	unfin
['Hal', 'Bruce', 'Clark', 'Barry', 'Jordan', 'Jessica', '知道', '我们', '什么', '看到']
['知道', '看到', '理解', '可能', '东西', '椅子', '试图', '时候', '不能', '看着']

Cockblocked.md	21840	fin
['Bruce', 'Hal', 'Dick', 'Jason', 'Barry', '他们', '什么', 'Oliver', '觉得', '他妈的']
['时候', '觉得', '可能', '知道', '没有', '东西', '想要', '起来', '声音', '开始']

Soliloquy.md	9065	fin
['Jason', 'Tim', 'Marcus', 'Bruce', '哈姆莱特', '剧院', '时候', '演出', 'Dick', '幕布']
['时候', '演出', '剧院', '需要', '没有', '社区', '可能', '观众', '时间', '部分']

Tremor.md	3964	unfin
['Jason', '罗宾', '替代品', '冒牌货', '蝙蝠', 'Bruce', '男孩', 'Tim', 'Dick', '这个']
['罗宾', '替代品', '蝙蝠', '起来', '冒牌货', '可能', '男孩', '开始', '生气', '没有']

